2016-12-21 14:04:11,685 - ResourceManager : unable to find resource 'controller.vm' in any resource loader.
2016-12-21 14:04:37,294 - ResourceManager : unable to find resource './controller.vm' in any resource loader.
2016-12-21 14:05:38,887 - ResourceManager : unable to find resource 'tool/controller.vm' in any resource loader.
2016-12-21 14:06:12,447 - Problem instantiating the template loader: G:\Github\Project3\src\main\java.
Look at your properties file and make sure the
name of the template loader is correct.
java.lang.ClassNotFoundException: G:\Github\Project3\src\main\java
	at java.net.URLClassLoader.findClass(URLClassLoader.java:381)
	at java.lang.ClassLoader.loadClass(ClassLoader.java:424)
	at sun.misc.Launcher$AppClassLoader.loadClass(Launcher.java:331)
	at java.lang.ClassLoader.loadClass(ClassLoader.java:357)
	at java.lang.Class.forName0(Native Method)
	at java.lang.Class.forName(Class.java:264)
	at org.apache.velocity.util.ClassUtils.getClass(ClassUtils.java:86)
	at org.apache.velocity.util.ClassUtils.getNewInstance(ClassUtils.java:105)
	at org.apache.velocity.runtime.resource.loader.ResourceLoaderFactory.getLoader(ResourceLoaderFactory.java:46)
	at org.apache.velocity.runtime.resource.ResourceManagerImpl.initialize(ResourceManagerImpl.java:130)
	at org.apache.velocity.runtime.RuntimeInstance.initializeResourceManager(RuntimeInstance.java:730)
	at org.apache.velocity.runtime.RuntimeInstance.init(RuntimeInstance.java:263)
	at org.apache.velocity.app.VelocityEngine.init(VelocityEngine.java:93)
	at tool.CreateCode.main(CreateCode.java:23)
	at sun.reflect.NativeMethodAccessorImpl.invoke0(Native Method)
	at sun.reflect.NativeMethodAccessorImpl.invoke(NativeMethodAccessorImpl.java:62)
	at sun.reflect.DelegatingMethodAccessorImpl.invoke(DelegatingMethodAccessorImpl.java:43)
	at java.lang.reflect.Method.invoke(Method.java:497)
	at com.intellij.rt.execution.application.AppMain.main(AppMain.java:144)
2016-12-21 14:06:57,548 - ResourceManager : unable to find resource 'tool/controller.vm' in any resource loader.
2016-12-21 14:07:26,770 - ResourceManager : unable to find resource '/tool/controller.vm' in any resource loader.
